<?xml version="1.0" encoding="UTF-8"?>
<!-- Generated by org.testng.reporters.JUnitReportReporter -->
<testsuite hostname="Poorani" failures="0" tests="1" name="selenium.AmazonBooksSection" time="16.751" errors="0" timestamp="2023-08-17T21:31:33 IST" skipped="0">
  <testcase classname="selenium.AmazonBooksSection" name="getBookDetails" time="16.751"/>
  <system-out/>
</testsuite> <!-- selenium.AmazonBooksSection -->
